Warning: Tag `SYMBOL_CACHE_SIZE' at line 310 of file `doxygen-config' has become obsolete.
         To avoid this warning please remove this line from your configuration file or upgrade it using "doxygen -u"
Warning: Tag `SHOW_DIRECTORIES' at line 519 of file `doxygen-config' has become obsolete.
         To avoid this warning please remove this line from your configuration file or upgrade it using "doxygen -u"
Warning: Tag `HTML_ALIGN_MEMBERS' at line 905 of file `doxygen-config' has become obsolete.
         To avoid this warning please remove this line from your configuration file or upgrade it using "doxygen -u"
Warning: Tag `USE_INLINE_TREES' at line 1092 of file `doxygen-config' has become obsolete.
         To avoid this warning please remove this line from your configuration file or upgrade it using "doxygen -u"
Warning: Tag `XML_SCHEMA' at line 1344 of file `doxygen-config' has become obsolete.
         To avoid this warning please remove this line from your configuration file or upgrade it using "doxygen -u"
Warning: Tag `XML_DTD' at line 1350 of file `doxygen-config' has become obsolete.
         To avoid this warning please remove this line from your configuration file or upgrade it using "doxygen -u"
Searching for include files...
Searching for example files...
Searching for images...
Searching for dot files...
Searching for msc files...
Searching for dia files...
Searching for files to exclude
Searching for files to process...
Searching for files in directory /home/students/balaseer/cs453/BadrAlaseeri@u.boisestate.edu/backpack/CS453-2-f16/p1
Searching for files in directory /home/students/balaseer/cs453/BadrAlaseeri@u.boisestate.edu/backpack/CS453-2-f16/p1/docs
Searching for files in directory /home/students/balaseer/cs453/BadrAlaseeri@u.boisestate.edu/backpack/CS453-2-f16/p1/mydash-src
Searching for files in directory /home/students/balaseer/cs453/BadrAlaseeri@u.boisestate.edu/backpack/CS453-2-f16/p1/other-progs
Searching for files in directory /home/students/balaseer/cs453/BadrAlaseeri@u.boisestate.edu/backpack/CS453-2-f16/p1/test-harness
Searching for files in directory /home/students/balaseer/cs453/BadrAlaseeri@u.boisestate.edu/backpack/CS453-2-f16/p1/test-harness/example1
Searching for files in directory /home/students/balaseer/cs453/BadrAlaseeri@u.boisestate.edu/backpack/CS453-2-f16/p1/test-harness/example1/inputs
Searching for files in directory /home/students/balaseer/cs453/BadrAlaseeri@u.boisestate.edu/backpack/CS453-2-f16/p1/test-harness/example1/outputs
Searching for files in directory /home/students/balaseer/cs453/BadrAlaseeri@u.boisestate.edu/backpack/CS453-2-f16/p1/test-harness/example2
Searching for files in directory /home/students/balaseer/cs453/BadrAlaseeri@u.boisestate.edu/backpack/CS453-2-f16/p1/test-harness/example2/tests
Searching for files in directory /home/students/balaseer/cs453/BadrAlaseeri@u.boisestate.edu/backpack/CS453-2-f16/p1/test-harness/example2/tests/1
Searching for files in directory /home/students/balaseer/cs453/BadrAlaseeri@u.boisestate.edu/backpack/CS453-2-f16/p1/test-harness/example2/tests/2
Searching for files in directory /home/students/balaseer/cs453/BadrAlaseeri@u.boisestate.edu/backpack/CS453-2-f16/p1/test-harness/example2/tests/3
Searching for files in directory /home/students/balaseer/cs453/BadrAlaseeri@u.boisestate.edu/backpack/CS453-2-f16/p1/test-harness/example2/tests/4
Searching for files in directory /home/students/balaseer/cs453/BadrAlaseeri@u.boisestate.edu/backpack/CS453-2-f16/p1/test-harness/example2/tests/5
Searching for files in directory /home/students/balaseer/cs453/BadrAlaseeri@u.boisestate.edu/backpack/CS453-2-f16/p1/test-harness/example2/tests/6
Searching for files in directory /home/students/balaseer/cs453/BadrAlaseeri@u.boisestate.edu/backpack/CS453-2-f16/p1/test-harness/example2/tests/argmax
Searching for files in directory /home/students/balaseer/cs453/BadrAlaseeri@u.boisestate.edu/backpack/CS453-2-f16/p1/test-harness/example2/tests/bg1
Searching for files in directory /home/students/balaseer/cs453/BadrAlaseeri@u.boisestate.edu/backpack/CS453-2-f16/p1/test-harness/example2/tests/bg2
Searching for files in directory /home/students/balaseer/cs453/BadrAlaseeri@u.boisestate.edu/backpack/CS453-2-f16/p1/test-harness/example2/tests/bg3
Searching for files in directory /home/students/balaseer/cs453/BadrAlaseeri@u.boisestate.edu/backpack/CS453-2-f16/p1/test-harness/example2/tests/bgempty
Searching for files in directory /home/students/balaseer/cs453/BadrAlaseeri@u.boisestate.edu/backpack/CS453-2-f16/p1/test-harness/example2/tests/cd
Searching for files in directory /home/students/balaseer/cs453/BadrAlaseeri@u.boisestate.edu/backpack/CS453-2-f16/p1/test-harness/example2/tests/cd2
Searching for files in directory /home/students/balaseer/cs453/BadrAlaseeri@u.boisestate.edu/backpack/CS453-2-f16/p1/test-harness/example2/tests/cd3
Searching for files in directory /home/students/balaseer/cs453/BadrAlaseeri@u.boisestate.edu/backpack/CS453-2-f16/p1/test-harness/example2/tests/ctrlchar
Searching for files in directory /home/students/balaseer/cs453/BadrAlaseeri@u.boisestate.edu/backpack/CS453-2-f16/p1/test-harness/example2/tests/empty
Searching for files in directory /home/students/balaseer/cs453/BadrAlaseeri@u.boisestate.edu/backpack/CS453-2-f16/p1/test-harness/example2/tests/exit
Searching for files in directory /home/students/balaseer/cs453/BadrAlaseeri@u.boisestate.edu/backpack/CS453-2-f16/p1/test-harness/example2/tests/logout
Searching for files in directory /home/students/balaseer/cs453/BadrAlaseeri@u.boisestate.edu/backpack/CS453-2-f16/p1/test-harness/example2/tests/ls
Searching for files in directory /home/students/balaseer/cs453/BadrAlaseeri@u.boisestate.edu/backpack/CS453-2-f16/p1/test-harness/example2/tests/space1
Searching for files in directory /home/students/balaseer/cs453/BadrAlaseeri@u.boisestate.edu/backpack/CS453-2-f16/p1/test-harness/example2/tests/tab
Reading and parsing tag files
Parsing files
Preprocessing /home/students/balaseer/cs453/BadrAlaseeri@u.boisestate.edu/backpack/CS453-2-f16/p1/git_version.c...
Parsing file /home/students/balaseer/cs453/BadrAlaseeri@u.boisestate.edu/backpack/CS453-2-f16/p1/git_version.c...
Preprocessing /home/students/balaseer/cs453/BadrAlaseeri@u.boisestate.edu/backpack/CS453-2-f16/p1/mydash-src/error.c...
Parsing file /home/students/balaseer/cs453/BadrAlaseeri@u.boisestate.edu/backpack/CS453-2-f16/p1/mydash-src/error.c...
Preprocessing /home/students/balaseer/cs453/BadrAlaseeri@u.boisestate.edu/backpack/CS453-2-f16/p1/mydash-src/git_version.c...
Parsing file /home/students/balaseer/cs453/BadrAlaseeri@u.boisestate.edu/backpack/CS453-2-f16/p1/mydash-src/git_version.c...
Preprocessing /home/students/balaseer/cs453/BadrAlaseeri@u.boisestate.edu/backpack/CS453-2-f16/p1/mydash-src/jobs.c...
Parsing file /home/students/balaseer/cs453/BadrAlaseeri@u.boisestate.edu/backpack/CS453-2-f16/p1/mydash-src/jobs.c...
Preprocessing /home/students/balaseer/cs453/BadrAlaseeri@u.boisestate.edu/backpack/CS453-2-f16/p1/mydash-src/jobs.h...
Parsing file /home/students/balaseer/cs453/BadrAlaseeri@u.boisestate.edu/backpack/CS453-2-f16/p1/mydash-src/jobs.h...
Preprocessing /home/students/balaseer/cs453/BadrAlaseeri@u.boisestate.edu/backpack/CS453-2-f16/p1/mydash-src/mydash.c...
Parsing file /home/students/balaseer/cs453/BadrAlaseeri@u.boisestate.edu/backpack/CS453-2-f16/p1/mydash-src/mydash.c...
Preprocessing /home/students/balaseer/cs453/BadrAlaseeri@u.boisestate.edu/backpack/CS453-2-f16/p1/mydash-src/mydash.h...
Parsing file /home/students/balaseer/cs453/BadrAlaseeri@u.boisestate.edu/backpack/CS453-2-f16/p1/mydash-src/mydash.h...
Preprocessing /home/students/balaseer/cs453/BadrAlaseeri@u.boisestate.edu/backpack/CS453-2-f16/p1/other-progs/loop.c...
Parsing file /home/students/balaseer/cs453/BadrAlaseeri@u.boisestate.edu/backpack/CS453-2-f16/p1/other-progs/loop.c...
Preprocessing /home/students/balaseer/cs453/BadrAlaseeri@u.boisestate.edu/backpack/CS453-2-f16/p1/other-progs/test-readline.c...
Parsing file /home/students/balaseer/cs453/BadrAlaseeri@u.boisestate.edu/backpack/CS453-2-f16/p1/other-progs/test-readline.c...
Preprocessing /home/students/balaseer/cs453/BadrAlaseeri@u.boisestate.edu/backpack/CS453-2-f16/p1/ourhdr.h...
Parsing file /home/students/balaseer/cs453/BadrAlaseeri@u.boisestate.edu/backpack/CS453-2-f16/p1/ourhdr.h...
Reading /home/students/balaseer/cs453/BadrAlaseeri@u.boisestate.edu/backpack/CS453-2-f16/p1/README.md...
Building group list...
Building directory list...
Building namespace list...
Building file list...
Building class list...
Associating documentation with classes...
Computing nesting relations for classes...
Building example list...
Searching for enumerations...
Searching for documented typedefs...
Searching for members imported via using declarations...
Searching for included using directives...
Searching for documented variables...
Building interface member list...
Building member list...
Searching for friends...
Searching for documented defines...
Computing class inheritance relations...
Computing class usage relations...
Flushing cached template relations that have become invalid...
Creating members for template instances...
Computing class relations...
Add enum values to enums...
Searching for member function documentation...
Building page list...
Search for main page...
Computing page relations...
Determining the scope of gr/home/students/balaseer/cs453/BadrAlaseeri@u.boisestate.edu/backpack/CS453-2-f16/p1/README.md:2: warning: explicit link request to 'Project' could not be resolved
/home/students/balaseer/cs453/BadrAlaseeri@u.boisestate.edu/backpack/CS453-2-f16/p1/README.md:2: warning: explicit link request to 'mainpage' could not be resolved
oups...
Sorting lists...
Freeing entry tree
Determining which enums are documented
Computing member relations...
Building full member lists recursively...
Adding members to member groups.
Computing member references...
Inheriting documentation...
Generating disk names...
Adding source references...
Adding xrefitems...
Sorting member lists...
Computing dependencies between directories...
Generating citations page...
Counting data structures...
Resolving user defined references...
Finding anchors and sections in the documentation...
Transferring function references...
Combining using relations...
Adding members to index pages...
Generating style sheet...
Generating search indices...
Generating example documentation...
Generating file sources...
Generating code for file mydash-src/jobs.h...
Generating code for file mydash-src/mydash.h...
Generating code for file ourhdr.h...
Generating file documentation...
Generating docs for file git_version.c...
Generating docs for file mydash-src/git_version.c...
Generating docs for file mydash-src/error.c...
Generating docs for file mydash-src/jobs.c...
Generating docs for file mydash-src/jobs.h...
Generating docs for file mydash-src/mydash.c...
Generating docs for file mydash-src/mydash.h...
Generating docs for file other-progs/loop.c...
Generating docs for file other-progs/test-readline.c...
Generating docs for file ourhdr.h...
Generating docs for file README.md...
Generating page documentation...
Generating docs for page md_README...
Generating group documentation...
Generating class documentation...
Generating docs for compound jobs...
Generating namespace index...
Generating graph info page...
Generating directory documentation...
Generating index page...
Generating page index...
Generating module index...
Generating namespace index...
Generating namespace member index...
Generating annotated compound index...
Generating alphabetical compound index...
Generating hierarchical class index...
Generating member index...
Generating file index...
Generating file member index...
Generating example index...
finalizing index lists...
writing tag file...
lookup cache used 27/65536 hits=76 misses=27
finished...
